{"/home/niveus/Desktop/Learning/backend/nodejs/mongo/inputValidator.js": {"path":"/home/niveus/Desktop/Learning/backend/nodejs/mongo/inputValidator.js","statementMap":{"0":{"start":{"line":1,"column":26},"end":{"line":8,"column":3}},"1":{"start":{"line":3,"column":4},"end":{"line":7,"column":5}},"2":{"start":{"line":4,"column":6},"end":{"line":4,"column":19}},"3":{"start":{"line":6,"column":6},"end":{"line":6,"column":18}},"4":{"start":{"line":10,"column":2},"end":{"line":10,"column":37}}},"fnMap":{"0":{"name":"(anonymous_0)","decl":{"start":{"line":1,"column":26},"end":{"line":1,"column":27}},"loc":{"start":{"line":1,"column":41},"end":{"line":8,"column":3}},"line":1}},"branchMap":{"0":{"loc":{"start":{"line":3,"column":4},"end":{"line":7,"column":5}},"type":"if","locations":[{"start":{"line":3,"column":4},"end":{"line":7,"column":5}},{"start":{"line":5,"column":11},"end":{"line":7,"column":5}}],"line":3},"1":{"loc":{"start":{"line":3,"column":8},"end":{"line":3,"column":58}},"type":"binary-expr","locations":[{"start":{"line":3,"column":8},"end":{"line":3,"column":31}},{"start":{"line":3,"column":35},"end":{"line":3,"column":58}}],"line":3}},"s":{"0":1,"1":2,"2":1,"3":1,"4":1},"f":{"0":2},"b":{"0":[1,1],"1":[2,2]},"_coverageSchema":"1a1c01bbd47fc00a2c39e90264f33305004495a9","hash":"7c39fba28ed644f535e8de6b7a5c6d71c6fa365b"}
}
